[  +36 ms] executing: sysctl hw.optional.arm64
[   +4 ms] Exit code 0 from: sysctl hw.optional.arm64
[        ] hw.optional.arm64: 1
[   +4 ms] Artifact Instance of 'MaterialFonts' is not required, skipping update.
[        ] Artifact Instance of 'GradleWrapper' is not required, skipping update.
[        ] Artifact Instance of 'AndroidGenSnapshotArtifacts' is not required, skipping update.
[        ] Artifact Instance of 'AndroidInternalBuildArtifacts' is not required, skipping update.
[        ] Artifact Instance of 'IOSEngineArtifacts' is not required, skipping update.
[        ] Artifact Instance of 'FlutterWebSdk' is not required, skipping update.
[        ] Artifact Instance of 'LegacyCanvasKitRemover' is not required, skipping update.
[        ] Artifact Instance of 'FlutterSdk' is not required, skipping update.
[        ] Artifact Instance of 'WindowsEngineArtifacts' is not required, skipping update.
[        ] Artifact Instance of 'MacOSEngineArtifacts' is not required, skipping update.
[        ] Artifact Instance of 'LinuxEngineArtifacts' is not required, skipping update.
[        ] Artifact Instance of 'LinuxFuchsiaSDKArtifacts' is not required, skipping update.
[        ] Artifact Instance of 'MacOSFuchsiaSDKArtifacts' is not required, skipping update.
[        ] Artifact Instance of 'FlutterRunnerSDKArtifacts' is not required, skipping update.
[        ] Artifact Instance of 'FlutterRunnerDebugSymbols' is not required, skipping update.
[        ] Artifact Instance of 'IosUsbArtifacts' is not required, skipping update.
[        ] Artifact Instance of 'IosUsbArtifacts' is not required, skipping update.
[        ] Artifact Instance of 'IosUsbArtifacts' is not required, skipping update.
[        ] Artifact Instance of 'IosUsbArtifacts' is not required, skipping update.
[        ] Artifact Instance of 'IosUsbArtifacts' is not required, skipping update.
[        ] Artifact Instance of 'IosUsbArtifacts' is not required, skipping update.
[        ] Artifact Instance of 'FontSubsetArtifacts' is not required, skipping update.
[        ] Artifact Instance of 'PubDependencies' is not required, skipping update.
[   +1 ms] executing: [/Users/mack/develop/flutter/] git -c log.showSignature=false log HEAD -n 1 --pretty=format:%ad --date=iso
[  +11 ms] Exit code 0 from: git -c log.showSignature=false log HEAD -n 1 --pretty=format:%ad --date=iso
[        ] 2026-02-12 17:12:32 -0800
[  +14 ms] Artifact Instance of 'AndroidGenSnapshotArtifacts' is not required, skipping update.
[        ] Artifact Instance of 'AndroidInternalBuildArtifacts' is not required, skipping update.
[        ] Artifact Instance of 'IOSEngineArtifacts' is not required, skipping update.
[        ] Artifact Instance of 'FlutterWebSdk' is not required, skipping update.
[        ] Artifact Instance of 'FlutterEngineStamp' is not required, skipping update.
[        ] Artifact Instance of 'LegacyCanvasKitRemover' is not required, skipping update.
[   +1 ms] Artifact Instance of 'WindowsEngineArtifacts' is not required, skipping update.
[        ] Artifact Instance of 'MacOSEngineArtifacts' is not required, skipping update.
[        ] Artifact Instance of 'LinuxEngineArtifacts' is not required, skipping update.
[        ] Artifact Instance of 'LinuxFuchsiaSDKArtifacts' is not required, skipping update.
[        ] Artifact Instance of 'MacOSFuchsiaSDKArtifacts' is not required, skipping update.
[        ] Artifact Instance of 'FlutterRunnerSDKArtifacts' is not required, skipping update.
[        ] Artifact Instance of 'FlutterRunnerDebugSymbols' is not required, skipping update.
[  +26 ms] Artifact Instance of 'MaterialFonts' is not required, skipping update.
[        ] Artifact Instance of 'GradleWrapper' is not required, skipping update.
[        ] Artifact Instance of 'AndroidGenSnapshotArtifacts' is not required, skipping update.
[        ] Artifact Instance of 'AndroidInternalBuildArtifacts' is not required, skipping update.
[        ] Artifact Instance of 'IOSEngineArtifacts' is not required, skipping update.
[        ] Artifact Instance of 'FlutterWebSdk' is not required, skipping update.
[        ] Artifact Instance of 'FlutterEngineStamp' is not required, skipping update.
[        ] Artifact Instance of 'LegacyCanvasKitRemover' is not required, skipping update.
[        ] Artifact Instance of 'FlutterSdk' is not required, skipping update.
[        ] Artifact Instance of 'WindowsEngineArtifacts' is not required, skipping update.
[        ] Artifact Instance of 'MacOSEngineArtifacts' is not required, skipping update.
[        ] Artifact Instance of 'LinuxEngineArtifacts' is not required, skipping update.
[        ] Artifact Instance of 'LinuxFuchsiaSDKArtifacts' is not required, skipping update.
[        ] Artifact Instance of 'MacOSFuchsiaSDKArtifacts' is not required, skipping update.
[        ] Artifact Instance of 'FlutterRunnerSDKArtifacts' is not required, skipping update.
[        ] Artifact Instance of 'FlutterRunnerDebugSymbols' is not required, skipping update.
[        ] Artifact Instance of 'IosUsbArtifacts' is not required, skipping update.
[        ] Artifact Instance of 'IosUsbArtifacts' is not required, skipping update.
[        ] Artifact Instance of 'IosUsbArtifacts' is not required, skipping update.
[        ] Artifact Instance of 'IosUsbArtifacts' is not required, skipping update.
[        ] Artifact Instance of 'IosUsbArtifacts' is not required, skipping update.
[        ] Artifact Instance of 'IosUsbArtifacts' is not required, skipping update.
[        ] Artifact Instance of 'FontSubsetArtifacts' is not required, skipping update.
[        ] Artifact Instance of 'PubDependencies' is not required, skipping update.
[  +10 ms] Skipping pub get: version match.
[  +60 ms] Found plugin sqflite at /Users/mack/.pub-cache/hosted/pub.dev/sqflite-2.4.2/
[   +6 ms] Found plugin sqflite_darwin at /Users/mack/.pub-cache/hosted/pub.dev/sqflite_darwin-2.4.2/
[   +1 ms] Found plugin sqflite_android at /Users/mack/.pub-cache/hosted/pub.dev/sqflite_android-2.4.2+2/
[   +1 ms] Found plugin shared_preferences at /Users/mack/.pub-cache/hosted/pub.dev/shared_preferences-2.5.4/
[        ] Found plugin shared_preferences_windows at /Users/mack/.pub-cache/hosted/pub.dev/shared_preferences_windows-2.4.1/
[   +3 ms] Found plugin path_provider_windows at /Users/mack/.pub-cache/hosted/pub.dev/path_provider_windows-2.3.0/
[   +2 ms] Found plugin shared_preferences_web at /Users/mack/.pub-cache/hosted/pub.dev/shared_preferences_web-2.4.3/
[   +1 ms] Found plugin shared_preferences_linux at /Users/mack/.pub-cache/hosted/pub.dev/shared_preferences_linux-2.4.1/
[   +1 ms] Found plugin path_provider_linux at /Users/mack/.pub-cache/hosted/pub.dev/path_provider_linux-2.2.1/
[   +1 ms] Found plugin shared_preferences_foundation at /Users/mack/.pub-cache/hosted/pub.dev/shared_preferences_foundation-2.5.6/
[        ] Found plugin shared_preferences_android at /Users/mack/.pub-cache/hosted/pub.dev/shared_preferences_android-2.4.20/
[   +1 ms] Found plugin path_provider at /Users/mack/.pub-cache/hosted/pub.dev/path_provider-2.1.5/
[        ] Found plugin path_provider_foundation at /Users/mack/.pub-cache/hosted/pub.dev/path_provider_foundation-2.6.0/
[   +6 ms] Found plugin path_provider_android at /Users/mack/.pub-cache/hosted/pub.dev/path_provider_android-2.2.22/
[   +2 ms] Found plugin image_picker at /Users/mack/.pub-cache/hosted/pub.dev/image_picker-1.2.1/
[   +1 ms] Found plugin image_picker_windows at /Users/mack/.pub-cache/hosted/pub.dev/image_picker_windows-0.2.2/
[   +3 ms] Found plugin file_selector_windows at /Users/mack/.pub-cache/hosted/pub.dev/file_selector_windows-0.9.3+5/
[   +1 ms] Found plugin image_picker_macos at /Users/mack/.pub-cache/hosted/pub.dev/image_picker_macos-0.2.2+1/
[        ] Found plugin file_selector_macos at /Users/mack/.pub-cache/hosted/pub.dev/file_selector_macos-0.9.5/
[        ] Found plugin image_picker_linux at /Users/mack/.pub-cache/hosted/pub.dev/image_picker_linux-0.2.2/
[        ] Found plugin file_selector_linux at /Users/mack/.pub-cache/hosted/pub.dev/file_selector_linux-0.9.4/
[        ] Found plugin image_picker_ios at /Users/mack/.pub-cache/hosted/pub.dev/image_picker_ios-0.8.13+6/
[   +1 ms] Found plugin image_picker_for_web at /Users/mack/.pub-cache/hosted/pub.dev/image_picker_for_web-3.1.1/
[   +1 ms] Found plugin image_picker_android at /Users/mack/.pub-cache/hosted/pub.dev/image_picker_android-0.8.13+14/
[        ] Found plugin flutter_plugin_android_lifecycle at /Users/mack/.pub-cache/hosted/pub.dev/flutter_plugin_android_lifecycle-2.0.33/
[   +1 ms] Found plugin geolocator at /Users/mack/.pub-cache/hosted/pub.dev/geolocator-13.0.4/
[        ] Found plugin geolocator_windows at /Users/mack/.pub-cache/hosted/pub.dev/geolocator_windows-0.2.5/
[   +1 ms] Found plugin geolocator_web at /Users/mack/.pub-cache/hosted/pub.dev/geolocator_web-4.1.3/
[   +1 ms] Found plugin geolocator_apple at /Users/mack/.pub-cache/hosted/pub.dev/geolocator_apple-2.3.13/
[   +1 ms] Found plugin geolocator_android at /Users/mack/.pub-cache/hosted/pub.dev/geolocator_android-4.6.2/
[   +1 ms] Found plugin fluttertoast at /Users/mack/.pub-cache/hosted/pub.dev/fluttertoast-9.0.0/
[   +1 ms] Found plugin flutter_secure_storage at /Users/mack/.pub-cache/hosted/pub.dev/flutter_secure_storage-9.2.4/
[        ] Found plugin flutter_secure_storage_windows at /Users/mack/.pub-cache/hosted/pub.dev/flutter_secure_storage_windows-3.1.2/
[   +3 ms] Found plugin flutter_secure_storage_web at /Users/mack/.pub-cache/hosted/pub.dev/flutter_secure_storage_web-1.2.1/
[   +1 ms] Found plugin flutter_secure_storage_macos at /Users/mack/.pub-cache/hosted/pub.dev/flutter_secure_storage_macos-3.1.3/
[        ] Found plugin flutter_secure_storage_linux at /Users/mack/.pub-cache/hosted/pub.dev/flutter_secure_storage_linux-1.2.3/
[   +4 ms] Found plugin connectivity_plus at /Users/mack/.pub-cache/hosted/pub.dev/connectivity_plus-6.1.5/
[   +2 ms] Found plugin camera at /Users/mack/.pub-cache/hosted/pub.dev/camera-0.11.4/
[        ] Found plugin camera_web at /Users/mack/.pub-cache/hosted/pub.dev/camera_web-0.3.5+3/
[   +1 ms] Found plugin camera_avfoundation at /Users/mack/.pub-cache/hosted/pub.dev/camera_avfoundation-0.9.23+2/
[        ] Found plugin camera_android_camerax at /Users/mack/.pub-cache/hosted/pub.dev/camera_android_camerax-0.6.30/
[  +29 ms] Found plugin sqflite at /Users/mack/.pub-cache/hosted/pub.dev/sqflite-2.4.2/
[   +2 ms] Found plugin sqflite_darwin at /Users/mack/.pub-cache/hosted/pub.dev/sqflite_darwin-2.4.2/
[        ] Found plugin sqflite_android at /Users/mack/.pub-cache/hosted/pub.dev/sqflite_android-2.4.2+2/
[        ] Found plugin shared_preferences at /Users/mack/.pub-cache/hosted/pub.dev/shared_preferences-2.5.4/
[        ] Found plugin shared_preferences_windows at /Users/mack/.pub-cache/hosted/pub.dev/shared_preferences_windows-2.4.1/
[        ] Found plugin path_provider_windows at /Users/mack/.pub-cache/hosted/pub.dev/path_provider_windows-2.3.0/
[   +1 ms] Found plugin shared_preferences_web at /Users/mack/.pub-cache/hosted/pub.dev/shared_preferences_web-2.4.3/
[        ] Found plugin shared_preferences_linux at /Users/mack/.pub-cache/hosted/pub.dev/shared_preferences_linux-2.4.1/
[        ] Found plugin path_provider_linux at /Users/mack/.pub-cache/hosted/pub.dev/path_provider_linux-2.2.1/
[        ] Found plugin shared_preferences_foundation at /Users/mack/.pub-cache/hosted/pub.dev/shared_preferences_foundation-2.5.6/
[        ] Found plugin shared_preferences_android at /Users/mack/.pub-cache/hosted/pub.dev/shared_preferences_android-2.4.20/
[        ] Found plugin path_provider at /Users/mack/.pub-cache/hosted/pub.dev/path_provider-2.1.5/
[        ] Found plugin path_provider_foundation at /Users/mack/.pub-cache/hosted/pub.dev/path_provider_foundation-2.6.0/
[   +2 ms] Found plugin path_provider_android at /Users/mack/.pub-cache/hosted/pub.dev/path_provider_android-2.2.22/
[        ] Found plugin image_picker at /Users/mack/.pub-cache/hosted/pub.dev/image_picker-1.2.1/
[        ] Found plugin image_picker_windows at /Users/mack/.pub-cache/hosted/pub.dev/image_picker_windows-0.2.2/
[   +1 ms] Found plugin file_selector_windows at /Users/mack/.pub-cache/hosted/pub.dev/file_selector_windows-0.9.3+5/
[        ] Found plugin image_picker_macos at /Users/mack/.pub-cache/hosted/pub.dev/image_picker_macos-0.2.2+1/
[        ] Found plugin file_selector_macos at /Users/mack/.pub-cache/hosted/pub.dev/file_selector_macos-0.9.5/
[        ] Found plugin image_picker_linux at /Users/mack/.pub-cache/hosted/pub.dev/image_picker_linux-0.2.2/
[        ] Found plugin file_selector_linux at /Users/mack/.pub-cache/hosted/pub.dev/file_selector_linux-0.9.4/
[        ] Found plugin image_picker_ios at /Users/mack/.pub-cache/hosted/pub.dev/image_picker_ios-0.8.13+6/
[        ] Found plugin image_picker_for_web at /Users/mack/.pub-cache/hosted/pub.dev/image_picker_for_web-3.1.1/
[        ] Found plugin image_picker_android at /Users/mack/.pub-cache/hosted/pub.dev/image_picker_android-0.8.13+14/
[        ] Found plugin flutter_plugin_android_lifecycle at /Users/mack/.pub-cache/hosted/pub.dev/flutter_plugin_android_lifecycle-2.0.33/
[        ] Found plugin geolocator at /Users/mack/.pub-cache/hosted/pub.dev/geolocator-13.0.4/
[        ] Found plugin geolocator_windows at /Users/mack/.pub-cache/hosted/pub.dev/geolocator_windows-0.2.5/
[        ] Found plugin geolocator_web at /Users/mack/.pub-cache/hosted/pub.dev/geolocator_web-4.1.3/
[        ] Found plugin geolocator_apple at /Users/mack/.pub-cache/hosted/pub.dev/geolocator_apple-2.3.13/
[        ] Found plugin geolocator_android at /Users/mack/.pub-cache/hosted/pub.dev/geolocator_android-4.6.2/
[        ] Found plugin fluttertoast at /Users/mack/.pub-cache/hosted/pub.dev/fluttertoast-9.0.0/
[        ] Found plugin flutter_secure_storage at /Users/mack/.pub-cache/hosted/pub.dev/flutter_secure_storage-9.2.4/
[        ] Found plugin flutter_secure_storage_windows at /Users/mack/.pub-cache/hosted/pub.dev/flutter_secure_storage_windows-3.1.2/
[        ] Found plugin flutter_secure_storage_web at /Users/mack/.pub-cache/hosted/pub.dev/flutter_secure_storage_web-1.2.1/
[        ] Found plugin flutter_secure_storage_macos at /Users/mack/.pub-cache/hosted/pub.dev/flutter_secure_storage_macos-3.1.3/
[        ] Found plugin flutter_secure_storage_linux at /Users/mack/.pub-cache/hosted/pub.dev/flutter_secure_storage_linux-1.2.3/
[   +1 ms] Found plugin connectivity_plus at /Users/mack/.pub-cache/hosted/pub.dev/connectivity_plus-6.1.5/
[   +1 ms] Found plugin camera at /Users/mack/.pub-cache/hosted/pub.dev/camera-0.11.4/
[        ] Found plugin camera_web at /Users/mack/.pub-cache/hosted/pub.dev/camera_web-0.3.5+3/
[        ] Found plugin camera_avfoundation at /Users/mack/.pub-cache/hosted/pub.dev/camera_avfoundation-0.9.23+2/
[        ] Found plugin camera_android_camerax at /Users/mack/.pub-cache/hosted/pub.dev/camera_android_camerax-0.6.30/
[  +10 ms] Skipping generating web_plugin_registrant.dart because it is up-to-date.
[  +11 ms] Found plugin sqflite at /Users/mack/.pub-cache/hosted/pub.dev/sqflite-2.4.2/
[   +1 ms] Found plugin sqflite_darwin at /Users/mack/.pub-cache/hosted/pub.dev/sqflite_darwin-2.4.2/
[        ] Found plugin sqflite_android at /Users/mack/.pub-cache/hosted/pub.dev/sqflite_android-2.4.2+2/
[        ] Found plugin shared_preferences at /Users/mack/.pub-cache/hosted/pub.dev/shared_preferences-2.5.4/
[        ] Found plugin shared_preferences_windows at /Users/mack/.pub-cache/hosted/pub.dev/shared_preferences_windows-2.4.1/
[        ] Found plugin path_provider_windows at /Users/mack/.pub-cache/hosted/pub.dev/path_provider_windows-2.3.0/
[        ] Found plugin shared_preferences_web at /Users/mack/.pub-cache/hosted/pub.dev/shared_preferences_web-2.4.3/
[        ] Found plugin shared_preferences_linux at /Users/mack/.pub-cache/hosted/pub.dev/shared_preferences_linux-2.4.1/
[        ] Found plugin path_provider_linux at /Users/mack/.pub-cache/hosted/pub.dev/path_provider_linux-2.2.1/
[        ] Found plugin shared_preferences_foundation at /Users/mack/.pub-cache/hosted/pub.dev/shared_preferences_foundation-2.5.6/
[        ] Found plugin shared_preferences_android at /Users/mack/.pub-cache/hosted/pub.dev/shared_preferences_android-2.4.20/
[        ] Found plugin path_provider at /Users/mack/.pub-cache/hosted/pub.dev/path_provider-2.1.5/
[        ] Found plugin path_provider_foundation at /Users/mack/.pub-cache/hosted/pub.dev/path_provider_foundation-2.6.0/
[   +2 ms] Found plugin path_provider_android at /Users/mack/.pub-cache/hosted/pub.dev/path_provider_android-2.2.22/
[        ] Found plugin image_picker at /Users/mack/.pub-cache/hosted/pub.dev/image_picker-1.2.1/
[        ] Found plugin image_picker_windows at /Users/mack/.pub-cache/hosted/pub.dev/image_picker_windows-0.2.2/
[   +1 ms] Found plugin file_selector_windows at /Users/mack/.pub-cache/hosted/pub.dev/file_selector_windows-0.9.3+5/
[        ] Found plugin image_picker_macos at /Users/mack/.pub-cache/hosted/pub.dev/image_picker_macos-0.2.2+1/
[        ] Found plugin file_selector_macos at /Users/mack/.pub-cache/hosted/pub.dev/file_selector_macos-0.9.5/
[        ] Found plugin image_picker_linux at /Users/mack/.pub-cache/hosted/pub.dev/image_picker_linux-0.2.2/
[        ] Found plugin file_selector_linux at /Users/mack/.pub-cache/hosted/pub.dev/file_selector_linux-0.9.4/
[        ] Found plugin image_picker_ios at /Users/mack/.pub-cache/hosted/pub.dev/image_picker_ios-0.8.13+6/
[        ] Found plugin image_picker_for_web at /Users/mack/.pub-cache/hosted/pub.dev/image_picker_for_web-3.1.1/
[        ] Found plugin image_picker_android at /Users/mack/.pub-cache/hosted/pub.dev/image_picker_android-0.8.13+14/
[        ] Found plugin flutter_plugin_android_lifecycle at /Users/mack/.pub-cache/hosted/pub.dev/flutter_plugin_android_lifecycle-2.0.33/
[        ] Found plugin geolocator at /Users/mack/.pub-cache/hosted/pub.dev/geolocator-13.0.4/
[        ] Found plugin geolocator_windows at /Users/mack/.pub-cache/hosted/pub.dev/geolocator_windows-0.2.5/
[        ] Found plugin geolocator_web at /Users/mack/.pub-cache/hosted/pub.dev/geolocator_web-4.1.3/
[        ] Found plugin geolocator_apple at /Users/mack/.pub-cache/hosted/pub.dev/geolocator_apple-2.3.13/
[        ] Found plugin geolocator_android at /Users/mack/.pub-cache/hosted/pub.dev/geolocator_android-4.6.2/
[        ] Found plugin fluttertoast at /Users/mack/.pub-cache/hosted/pub.dev/fluttertoast-9.0.0/
[        ] Found plugin flutter_secure_storage at /Users/mack/.pub-cache/hosted/pub.dev/flutter_secure_storage-9.2.4/
[        ] Found plugin flutter_secure_storage_windows at /Users/mack/.pub-cache/hosted/pub.dev/flutter_secure_storage_windows-3.1.2/
[        ] Found plugin flutter_secure_storage_web at /Users/mack/.pub-cache/hosted/pub.dev/flutter_secure_storage_web-1.2.1/
[        ] Found plugin flutter_secure_storage_macos at /Users/mack/.pub-cache/hosted/pub.dev/flutter_secure_storage_macos-3.1.3/
[        ] Found plugin flutter_secure_storage_linux at /Users/mack/.pub-cache/hosted/pub.dev/flutter_secure_storage_linux-1.2.3/
[   +1 ms] Found plugin connectivity_plus at /Users/mack/.pub-cache/hosted/pub.dev/connectivity_plus-6.1.5/
[        ] Found plugin camera at /Users/mack/.pub-cache/hosted/pub.dev/camera-0.11.4/
[        ] Found plugin camera_web at /Users/mack/.pub-cache/hosted/pub.dev/camera_web-0.3.5+3/
[        ] Found plugin camera_avfoundation at /Users/mack/.pub-cache/hosted/pub.dev/camera_avfoundation-0.9.23+2/
[        ] Found plugin camera_android_camerax at /Users/mack/.pub-cache/hosted/pub.dev/camera_android_camerax-0.6.30/
[   +5 ms] Generating /Users/mack/Documents/DevLab/Meyllos/kinshasa/mobile/android/app/src/main/java/io/flutter/plugins/GeneratedPluginRegistrant.java
[        ] Skipping generating GeneratedPluginRegistrant.java because it is up-to-date.
[   +2 ms] Skipping generating generated_plugin_registrant.h because it is up-to-date.
[        ] Skipping generating generated_plugin_registrant.cc because it is up-to-date.
[        ] Skipping generating generated_plugins.cmake because it is up-to-date.
[        ] Skipping generating generated_plugin_registrant.h because it is up-to-date.
[        ] Skipping generating generated_plugin_registrant.cc because it is up-to-date.
[        ] Skipping generating generated_plugins.cmake because it is up-to-date.
[   +1 ms] Skipping generating GeneratedPluginRegistrant.h because it is up-to-date.
[        ] Skipping generating GeneratedPluginRegistrant.m because it is up-to-date.
[        ] Skipping generating GeneratedPluginRegistrant.swift because it is up-to-date.
[   +6 ms] executing: sysctl hw.optional.arm64
[   +2 ms] Exit code 0 from: sysctl hw.optional.arm64
[        ] hw.optional.arm64: 1
[        ] executing: /usr/bin/arch -arm64e xcrun xcodebuild -version
[   +9 ms] Exit code 72 from: /usr/bin/arch -arm64e xcrun xcodebuild -version
[        ] xcrun: error: unable to find utility "xcodebuild", not a developer tool or in PATH
[  +12 ms] executing: /usr/bin/arch -arm64e xcrun xcodebuild -version
[   +8 ms] Exit code 72 from: /usr/bin/arch -arm64e xcrun xcodebuild -version
[        ] xcrun: error: unable to find utility "xcodebuild", not a developer tool or in PATH
[  +18 ms] Initializing file store
[   +4 ms] Done initializing file store
[  +28 ms] Skipping target: dart_build
[   +1 ms] Skipping target: gen_dart_plugin_registrant
[        ] Skipping target: install_code_assets
[        ] Skipping target: gen_localizations
[ +525 ms] kernel_snapshot_program: Starting due to {InvalidatedReasonKind.outputSetAddition: The following outputs were added to the output set: /Users/mack/Documents/DevLab/Meyllos/kinshasa/mobile/.dart_tool/flutter_build/6b00f814ac357ad737780323427c72e5/app.dill}
[   +8 ms] /Users/mack/develop/flutter/bin/cache/dart-sdk/bin/dartaotruntime /Users/mack/develop/flutter/bin/cache/dart-sdk/bin/snapshots/frontend_server_aot.dart.snapshot --sdk-root /Users/mack/develop/flutter/bin/cache/artifacts/engine/common/flutter_patched_sdk/ --target=flutter --no-print-incremental-dependencies -DFLUTTER_VERSION=3.41.1 -DFLUTTER_CHANNEL=stable -DFLUTTER_GIT_URL=https://github.com/flutter/flutter.git -DFLUTTER_FRAMEWORK_REVISION=582a0e7c55 -DFLUTTER_ENGINE_REVISION=3452d735bd -DFLUTTER_DART_VERSION=3.11.0 -Ddart.vm.profile=false -Ddart.vm.product=false --enable-asserts --track-widget-creation --no-link-platform --packages /Users/mack/Documents/DevLab/Meyllos/kinshasa/mobile/.dart_tool/package_config.json --output-dill /Users/mack/Documents/DevLab/Meyllos/kinshasa/mobile/.dart_tool/flutter_build/6b00f814ac357ad737780323427c72e5/app.dill --depfile /Users/mack/Documents/DevLab/Meyllos/kinshasa/mobile/.dart_tool/flutter_build/6b00f814ac357ad737780323427c72e5/kernel_snapshot_program.d --filesystem-scheme org-dartlang-root --incremental --initialize-from-dill /Users/mack/Documents/DevLab/Meyllos/kinshasa/mobile/.dart_tool/flutter_build/6b00f814ac357ad737780323427c72e5/app.dill --source file:///Users/mack/Documents/DevLab/Meyllos/kinshasa/mobile/.dart_tool/flutter_build/dart_plugin_registrant.dart --source package:flutter/src/dart_plugin_registrant.dart -Dflutter.dart_plugin_registrant=file:///Users/mack/Documents/DevLab/Meyllos/kinshasa/mobile/.dart_tool/flutter_build/dart_plugin_registrant.dart --verbosity=error package:parcello_mobile/main.dart
[ +922 ms] lib/core/services/sync_service.dart:10:3: Error: Type 'StreamSubscription' not found.
[   +1 ms]   StreamSubscription<List<ConnectivityResult>>? _connectivitySubscription;
[        ]   ^^^^^^^^^^^^^^^^^^
[        ] lib/core/services/sync_service.dart:10:3: Error: 'StreamSubscription' isn't a type.
[        ]   StreamSubscription<List<ConnectivityResult>>? _connectivitySubscription;
[        ]   ^^^^^^^^^^^^^^^^^^
[        ] lib/core/services/sync_service.dart:26:5: Error: The getter 'Timer' isn't defined for the type 'SyncService'.
[        ]  - 'SyncService' is from 'package:parcello_mobile/core/services/sync_service.dart' ('lib/core/services/sync_service.dart').
[        ] Try correcting the name to the name of an existing getter, or defining a getter or field named 'Timer'.
[        ]     Timer.periodic(const Duration(minutes: 5), (_) => syncPendingParcels());
[        ]     ^^^^^
[        ] lib/core/services/sync_service.dart:48:22: Error: The method 'jsonDecode' isn't defined for the type 'SyncService'.
[        ]  - 'SyncService' is from 'package:parcello_mobile/core/services/sync_service.dart' ('lib/core/services/sync_service.dart').
[        ] Try correcting the name to the name of an existing method, or defining a method named 'jsonDecode'.
[        ]         final data = jsonDecode(item['data']);
[        ]                      ^^^^^^^^^^
[        ] lib/core/services/sync_service.dart:79:20: Error: The method 'jsonDecode' isn't defined for the type 'SyncService'.
[        ]  - 'SyncService' is from 'package:parcello_mobile/core/services/sync_service.dart' ('lib/core/services/sync_service.dart').
[        ] Try correcting the name to the name of an existing method, or defining a method named 'jsonDecode'.
[        ]       final data = jsonDecode(item['data']);
[        ]                    ^^^^^^^^^^
[        ] lib/features/parcels/screens/parcels_screen.dart:65:27: Error: Can't find ')' to match '('.
[        ]     return GestureDetector(
[        ]                           ^
[ +125 ms] Persisting file store
[   +7 ms] Done persisting file store
[   +1 ms] Target kernel_snapshot_program failed: Exception
           #0      KernelSnapshot.build (package:flutter_tools/src/build_system/targets/common.dart:289:7)
           <asynchronous suspension>
           #1      _BuildInstance._invokeInternal (package:flutter_tools/src/build_system/build_system.dart:937:9)
           <asynchronous suspension>
           #2      Future.wait.<anonymous closure> (dart:async/future.dart:546:21)
           <asynchronous suspension>
           #3      _BuildInstance.invokeTarget (package:flutter_tools/src/build_system/build_system.dart:875:32)
           <asynchronous suspension>
           #4      FlutterBuildSystem.build (package:flutter_tools/src/build_system/build_system.dart:684:16)
           <asynchronous suspension>
           #5      BundleBuilder.build (package:flutter_tools/src/bundle_builder.dart:78:32)
           <asynchronous suspension>
           #6      BuildBundleCommand.runCommand (package:flutter_tools/src/commands/build_bundle.dart:144:5)
           <asynchronous suspension>
           #7      FlutterCommand.run.<anonymous closure> (package:flutter_tools/src/runner/flutter_command.dart:1590:27)
           <asynchronous suspension>
           #8      AppContext.run.<anonymous closure> (package:flutter_tools/src/base/context.dart:154:19)
           <asynchronous suspension>
           #9      CommandRunner.runCommand (package:args/command_runner.dart:212:13)
           <asynchronous suspension>
           #10     FlutterCommandRunner.runCommand.<anonymous closure> (package:flutter_tools/src/runner/flutter_command_runner.dart:496:9)
           <asynchronous suspension>
           #11     AppContext.run.<anonymous closure> (package:flutter_tools/src/base/context.dart:154:19)
           <asynchronous suspension>
           #12     FlutterCommandRunner.runCommand (package:flutter_tools/src/runner/flutter_command_runner.dart:431:5)
           <asynchronous suspension>
           #13     FlutterCommandRunner.run.<anonymous closure> (package:flutter_tools/src/runner/flutter_command_runner.dart:307:33)
           <asynchronous suspension>
           #14     run.<anonymous closure>.<anonymous closure> (package:flutter_tools/runner.dart:104:11)
           <asynchronous suspension>
           #15     AppContext.run.<anonymous closure> (package:flutter_tools/src/base/context.dart:154:19)
           <asynchronous suspension>
           #16     main (package:flutter_tools/executable.dart:103:3)
           <asynchronous suspension>

[        ] "flutter bundle" took 1â€¯982ms.
[   +4 ms] executing: sw_vers -productName
[  +11 ms] Exit code 0 from: sw_vers -productName
[        ] macOS
[        ] executing: sw_vers -productVersion
[   +8 ms] Exit code 0 from: sw_vers -productVersion
[        ] 26.3
[        ] executing: sw_vers -buildVersion
[   +8 ms] Exit code 0 from: sw_vers -buildVersion
[        ] 25D125
[        ] executing: uname -m
[   +3 ms] Exit code 0 from: uname -m
[        ] arm64
[  +10 ms] Failed to build bundle.
[        ] 
           #0      throwToolExit (package:flutter_tools/src/base/common.dart:34:3)
           #1      BundleBuilder.build (package:flutter_tools/src/bundle_builder.dart:87:7)
           <asynchronous suspension>
           #2      BuildBundleCommand.runCommand (package:flutter_tools/src/commands/build_bundle.dart:144:5)
           <asynchronous suspension>
           #3      FlutterCommand.run.<anonymous closure> (package:flutter_tools/src/runner/flutter_command.dart:1590:27)
           <asynchronous suspension>
           #4      AppContext.run.<anonymous closure> (package:flutter_tools/src/base/context.dart:154:19)
           <asynchronous suspension>
           #5      CommandRunner.runCommand (package:args/command_runner.dart:212:13)
           <asynchronous suspension>
           #6      FlutterCommandRunner.runCommand.<anonymous closure> (package:flutter_tools/src/runner/flutter_command_runner.dart:496:9)
           <asynchronous suspension>
           #7      AppContext.run.<anonymous closure> (package:flutter_tools/src/base/context.dart:154:19)
           <asynchronous suspension>
           #8      FlutterCommandRunner.runCommand (package:flutter_tools/src/runner/flutter_command_runner.dart:431:5)
           <asynchronous suspension>
           #9      FlutterCommandRunner.run.<anonymous closure> (package:flutter_tools/src/runner/flutter_command_runner.dart:307:33)
           <asynchronous suspension>
           #10     run.<anonymous closure>.<anonymous closure> (package:flutter_tools/runner.dart:104:11)
           <asynchronous suspension>
           #11     AppContext.run.<anonymous closure> (package:flutter_tools/src/base/context.dart:154:19)
           <asynchronous suspension>
           #12     main (package:flutter_tools/executable.dart:103:3)
           <asynchronous suspension>


[        ] Running 1 shutdown hook
[        ] Shutdown hooks complete
[ +258 ms] exiting with code 1
